2024-12-04 19:14:06,631 - 加载_res.json文件到cluster_res_df:    cluster_id  count                                           contents
0            0      1  [{'id': 7324, 'year': 2018, 'season': 2, 'mont...
1            1      1  [{'id': 13349, 'year': 2019, 'season': 1, 'mon...
2            2      1  [{'id': 7803, 'year': 2018, 'season': 2, 'mont...
3            3      1  [{'id': 15215, 'year': 2019, 'season': 2, 'mon...
4            4      1  [{'id': 15689, 'year': 2019, 'season': 3, 'mon...
..         ...    ...                                                ...
88          88      1  [{'id': 3821, 'year': 2018, 'season': 1, 'mont...
89          89      1  [{'id': 321, 'year': 2016, 'season': 3, 'month...
90          90      1  [{'id': 6223, 'year': 2018, 'season': 2, 'mont...
91          91      1  [{'id': 498, 'year': 2016, 'season': 3, 'month...
92          92      1  [{'id': 5579, 'year': 2018, 'season': 2, 'mont...

[93 rows x 3 columns]
2024-12-04 19:14:06,636 - 加载_pred.json文件到pred_df:   cluster_id  count  train_mae  train_mse  train_mae_ratio                                         train_pred                                        test_pred
0          46      4   0.043397   0.004727         1.446554  [{'y_s': '2016-Q1', 'freq': 0.0, 'count': 0, '...  [{'y_s': '2020-Q1', 'pred_freq': 0.0646933026}]
2024-12-04 19:14:06,636 - 所有聚类中count的累加和:100
2024-12-04 19:14:06,639 - train_freq:每个聚类的频率(每个聚类的count/total_count):[0.01, 0.01, 0.01, 0.01, 0.01, 0.01, 0.02, 0.01, 0.01, 0.01, 0.01, 0.01, 0.01, 0.01, 0.01, 0.01, 0.01, 0.01, 0.01, 0.01, 0.01, 0.01, 0.01, 0.01, 0.01, 0.01, 0.01, 0.01, 0.02, 0.01, 0.01, 0.01, 0.01, 0.03, 0.01, 0.01, 0.01, 0.01, 0.01, 0.01, 0.01, 0.01, 0.01, 0.01, 0.01, 0.01, 0.04, 0.01, 0.01, 0.01, 0.01, 0.01, 0.01, 0.01, 0.01, 0.01, 0.01, 0.01, 0.01, 0.01, 0.01, 0.01, 0.01, 0.01, 0.01, 0.01, 0.01, 0.01, 0.01, 0.01, 0.01, 0.01, 0.01, 0.01, 0.01, 0.01, 0.01, 0.01, 0.01, 0.01, 0.01, 0.01, 0.01, 0.01, 0.01, 0.01, 0.01, 0.01, 0.01, 0.01, 0.01, 0.01, 0.01]
2024-12-04 19:14:06,664 - 加载_res.json文件到cluster_res_df:    cluster_id  count                                           contents
0            0      1  [{'id': 5900, 'year': 2018, 'season': 2, 'mont...
1            1      1  [{'id': 5439, 'year': 2018, 'season': 2, 'mont...
2            2      1  [{'id': 14631, 'year': 2019, 'season': 2, 'mon...
3            3      1  [{'id': 4270, 'year': 2018, 'season': 1, 'mont...
4            4      2  [{'id': 15994, 'year': 2019, 'season': 3, 'mon...
..         ...    ...                                                ...
92          92      1  [{'id': 1806, 'year': 2017, 'season': 2, 'mont...
93          93      1  [{'id': 6261, 'year': 2018, 'season': 2, 'mont...
94          94      1  [{'id': 5401, 'year': 2018, 'season': 2, 'mont...
95          95      1  [{'id': 60, 'year': 2016, 'season': 1, 'month'...
96          96      1  [{'id': 8055, 'year': 2018, 'season': 3, 'mont...

[97 rows x 3 columns]
2024-12-04 19:14:06,665 - 加载_pred.json文件到pred_df:Empty DataFrame
Columns: []
Index: []
2024-12-04 19:14:06,665 - 所有聚类中count的累加和:100
2024-12-04 19:14:06,668 - train_freq:每个聚类的频率(每个聚类的count/total_count):[0.01, 0.01, 0.01, 0.01, 0.02, 0.01, 0.01, 0.01, 0.01, 0.01, 0.01, 0.01, 0.01, 0.01, 0.01, 0.01, 0.01, 0.01, 0.01, 0.01, 0.01, 0.01, 0.01, 0.01, 0.01, 0.01, 0.01, 0.01, 0.01, 0.01, 0.01, 0.01, 0.02, 0.01, 0.01, 0.01, 0.01, 0.01, 0.01, 0.01, 0.01, 0.02, 0.01, 0.01, 0.01, 0.01, 0.01, 0.01, 0.01, 0.01, 0.01, 0.01, 0.01, 0.01, 0.01, 0.01, 0.01, 0.01, 0.01, 0.01, 0.01, 0.01, 0.01, 0.01, 0.01, 0.01, 0.01, 0.01, 0.01, 0.01, 0.01, 0.01, 0.01, 0.01, 0.01, 0.01, 0.01, 0.01, 0.01, 0.01, 0.01, 0.01, 0.01, 0.01, 0.01, 0.01, 0.01, 0.01, 0.01, 0.01, 0.01, 0.01, 0.01, 0.01, 0.01, 0.01, 0.01]
2024-12-04 19:19:46,935 - 加载_res.json文件到cluster_res_df:    cluster_id  count                                           contents
0            0      1  [{'id': 7324, 'year': 2018, 'season': 2, 'mont...
1            1      1  [{'id': 13349, 'year': 2019, 'season': 1, 'mon...
2            2      1  [{'id': 7803, 'year': 2018, 'season': 2, 'mont...
3            3      1  [{'id': 15215, 'year': 2019, 'season': 2, 'mon...
4            4      1  [{'id': 15689, 'year': 2019, 'season': 3, 'mon...
..         ...    ...                                                ...
88          88      1  [{'id': 3821, 'year': 2018, 'season': 1, 'mont...
89          89      1  [{'id': 321, 'year': 2016, 'season': 3, 'month...
90          90      1  [{'id': 6223, 'year': 2018, 'season': 2, 'mont...
91          91      1  [{'id': 498, 'year': 2016, 'season': 3, 'month...
92          92      1  [{'id': 5579, 'year': 2018, 'season': 2, 'mont...

[93 rows x 3 columns]
2024-12-04 19:19:46,940 - 加载_pred.json文件到pred_df:   cluster_id  count  train_mae  train_mse  train_mae_ratio                                         train_pred                                        test_pred
0          46      4   0.043397   0.004727         1.446554  [{'y_s': '2016-Q1', 'freq': 0.0, 'count': 0, '...  [{'y_s': '2020-Q1', 'pred_freq': 0.0646933026}]
2024-12-04 19:19:46,940 - 所有聚类中count的累加和:100
2024-12-04 19:19:46,943 - train_freq:每个聚类的频率(每个聚类的count/total_count):[0.01, 0.01, 0.01, 0.01, 0.01, 0.01, 0.02, 0.01, 0.01, 0.01, 0.01, 0.01, 0.01, 0.01, 0.01, 0.01, 0.01, 0.01, 0.01, 0.01, 0.01, 0.01, 0.01, 0.01, 0.01, 0.01, 0.01, 0.01, 0.02, 0.01, 0.01, 0.01, 0.01, 0.03, 0.01, 0.01, 0.01, 0.01, 0.01, 0.01, 0.01, 0.01, 0.01, 0.01, 0.01, 0.01, 0.04, 0.01, 0.01, 0.01, 0.01, 0.01, 0.01, 0.01, 0.01, 0.01, 0.01, 0.01, 0.01, 0.01, 0.01, 0.01, 0.01, 0.01, 0.01, 0.01, 0.01, 0.01, 0.01, 0.01, 0.01, 0.01, 0.01, 0.01, 0.01, 0.01, 0.01, 0.01, 0.01, 0.01, 0.01, 0.01, 0.01, 0.01, 0.01, 0.01, 0.01, 0.01, 0.01, 0.01, 0.01, 0.01, 0.01]
2024-12-04 19:19:46,965 - 加载_res.json文件到cluster_res_df:    cluster_id  count                                           contents
0            0      1  [{'id': 5900, 'year': 2018, 'season': 2, 'mont...
1            1      1  [{'id': 5439, 'year': 2018, 'season': 2, 'mont...
2            2      1  [{'id': 14631, 'year': 2019, 'season': 2, 'mon...
3            3      1  [{'id': 4270, 'year': 2018, 'season': 1, 'mont...
4            4      2  [{'id': 15994, 'year': 2019, 'season': 3, 'mon...
..         ...    ...                                                ...
92          92      1  [{'id': 1806, 'year': 2017, 'season': 2, 'mont...
93          93      1  [{'id': 6261, 'year': 2018, 'season': 2, 'mont...
94          94      1  [{'id': 5401, 'year': 2018, 'season': 2, 'mont...
95          95      1  [{'id': 60, 'year': 2016, 'season': 1, 'month'...
96          96      1  [{'id': 8055, 'year': 2018, 'season': 3, 'mont...

[97 rows x 3 columns]
2024-12-04 19:19:46,965 - 加载_pred.json文件到pred_df:Empty DataFrame
Columns: []
Index: []
2024-12-04 19:19:46,965 - 所有聚类中count的累加和:100
2024-12-04 19:19:46,968 - train_freq:每个聚类的频率(每个聚类的count/total_count):[0.01, 0.01, 0.01, 0.01, 0.02, 0.01, 0.01, 0.01, 0.01, 0.01, 0.01, 0.01, 0.01, 0.01, 0.01, 0.01, 0.01, 0.01, 0.01, 0.01, 0.01, 0.01, 0.01, 0.01, 0.01, 0.01, 0.01, 0.01, 0.01, 0.01, 0.01, 0.01, 0.02, 0.01, 0.01, 0.01, 0.01, 0.01, 0.01, 0.01, 0.01, 0.02, 0.01, 0.01, 0.01, 0.01, 0.01, 0.01, 0.01, 0.01, 0.01, 0.01, 0.01, 0.01, 0.01, 0.01, 0.01, 0.01, 0.01, 0.01, 0.01, 0.01, 0.01, 0.01, 0.01, 0.01, 0.01, 0.01, 0.01, 0.01, 0.01, 0.01, 0.01, 0.01, 0.01, 0.01, 0.01, 0.01, 0.01, 0.01, 0.01, 0.01, 0.01, 0.01, 0.01, 0.01, 0.01, 0.01, 0.01, 0.01, 0.01, 0.01, 0.01, 0.01, 0.01, 0.01, 0.01]
2024-12-04 19:22:16,405 - 加载_res.json文件到cluster_res_df:    cluster_id  count                                           contents
0            0      1  [{'id': 7324, 'year': 2018, 'season': 2, 'mont...
1            1      1  [{'id': 13349, 'year': 2019, 'season': 1, 'mon...
2            2      1  [{'id': 7803, 'year': 2018, 'season': 2, 'mont...
3            3      1  [{'id': 15215, 'year': 2019, 'season': 2, 'mon...
4            4      1  [{'id': 15689, 'year': 2019, 'season': 3, 'mon...
..         ...    ...                                                ...
88          88      1  [{'id': 3821, 'year': 2018, 'season': 1, 'mont...
89          89      1  [{'id': 321, 'year': 2016, 'season': 3, 'month...
90          90      1  [{'id': 6223, 'year': 2018, 'season': 2, 'mont...
91          91      1  [{'id': 498, 'year': 2016, 'season': 3, 'month...
92          92      1  [{'id': 5579, 'year': 2018, 'season': 2, 'mont...

[93 rows x 3 columns]
2024-12-04 19:22:16,410 - 加载_pred.json文件到pred_df:   cluster_id  count  train_mae  train_mse  train_mae_ratio                                         train_pred                                        test_pred
0          46      4   0.043397   0.004727         1.446554  [{'y_s': '2016-Q1', 'freq': 0.0, 'count': 0, '...  [{'y_s': '2020-Q1', 'pred_freq': 0.0646933026}]
2024-12-04 19:22:16,410 - 所有聚类中count的累加和:100
2024-12-04 19:22:16,413 - train_freq:每个聚类的频率(每个聚类的count/total_count):[0.01, 0.01, 0.01, 0.01, 0.01, 0.01, 0.02, 0.01, 0.01, 0.01, 0.01, 0.01, 0.01, 0.01, 0.01, 0.01, 0.01, 0.01, 0.01, 0.01, 0.01, 0.01, 0.01, 0.01, 0.01, 0.01, 0.01, 0.01, 0.02, 0.01, 0.01, 0.01, 0.01, 0.03, 0.01, 0.01, 0.01, 0.01, 0.01, 0.01, 0.01, 0.01, 0.01, 0.01, 0.01, 0.01, 0.04, 0.01, 0.01, 0.01, 0.01, 0.01, 0.01, 0.01, 0.01, 0.01, 0.01, 0.01, 0.01, 0.01, 0.01, 0.01, 0.01, 0.01, 0.01, 0.01, 0.01, 0.01, 0.01, 0.01, 0.01, 0.01, 0.01, 0.01, 0.01, 0.01, 0.01, 0.01, 0.01, 0.01, 0.01, 0.01, 0.01, 0.01, 0.01, 0.01, 0.01, 0.01, 0.01, 0.01, 0.01, 0.01, 0.01]
2024-12-04 19:22:16,435 - 加载_res.json文件到cluster_res_df:    cluster_id  count                                           contents
0            0      1  [{'id': 5900, 'year': 2018, 'season': 2, 'mont...
1            1      1  [{'id': 5439, 'year': 2018, 'season': 2, 'mont...
2            2      1  [{'id': 14631, 'year': 2019, 'season': 2, 'mon...
3            3      1  [{'id': 4270, 'year': 2018, 'season': 1, 'mont...
4            4      2  [{'id': 15994, 'year': 2019, 'season': 3, 'mon...
..         ...    ...                                                ...
92          92      1  [{'id': 1806, 'year': 2017, 'season': 2, 'mont...
93          93      1  [{'id': 6261, 'year': 2018, 'season': 2, 'mont...
94          94      1  [{'id': 5401, 'year': 2018, 'season': 2, 'mont...
95          95      1  [{'id': 60, 'year': 2016, 'season': 1, 'month'...
96          96      1  [{'id': 8055, 'year': 2018, 'season': 3, 'mont...

[97 rows x 3 columns]
2024-12-04 19:22:16,435 - 加载_pred.json文件到pred_df:Empty DataFrame
Columns: []
Index: []
2024-12-04 19:22:16,435 - 所有聚类中count的累加和:100
2024-12-04 19:22:16,438 - train_freq:每个聚类的频率(每个聚类的count/total_count):[0.01, 0.01, 0.01, 0.01, 0.02, 0.01, 0.01, 0.01, 0.01, 0.01, 0.01, 0.01, 0.01, 0.01, 0.01, 0.01, 0.01, 0.01, 0.01, 0.01, 0.01, 0.01, 0.01, 0.01, 0.01, 0.01, 0.01, 0.01, 0.01, 0.01, 0.01, 0.01, 0.02, 0.01, 0.01, 0.01, 0.01, 0.01, 0.01, 0.01, 0.01, 0.02, 0.01, 0.01, 0.01, 0.01, 0.01, 0.01, 0.01, 0.01, 0.01, 0.01, 0.01, 0.01, 0.01, 0.01, 0.01, 0.01, 0.01, 0.01, 0.01, 0.01, 0.01, 0.01, 0.01, 0.01, 0.01, 0.01, 0.01, 0.01, 0.01, 0.01, 0.01, 0.01, 0.01, 0.01, 0.01, 0.01, 0.01, 0.01, 0.01, 0.01, 0.01, 0.01, 0.01, 0.01, 0.01, 0.01, 0.01, 0.01, 0.01, 0.01, 0.01, 0.01, 0.01, 0.01, 0.01]
